<?xml version="1.0" encoding="UTF-8"?>
<!-- Generated by org.testng.reporters.JUnitXMLReporter -->
<testsuite ignored="0" hostname="Harinath-LP" failures="1" tests="1" name="LoginTest" time="9.013" errors="0" timestamp="2025-05-16T21:42:10 IST">
  <testcase classname="tests.LoginTest" name="testValidLogin" time="5.29">
    <failure type="java.lang.AssertionError" message="expected [Dashboard / nopCommerce administration] but found [Just a moment...]">
      <![CDATA[java.lang.AssertionError: expected [Dashboard / nopCommerce administration] but found [Just a moment...]
at tests.LoginTest.testValidLogin(LoginTest.java:21)
at java.base/java.util.ArrayList.forEach(ArrayList.java:1604)
... Removed 31 stack frames]]>
    </failure>
  </testcase> <!-- testValidLogin -->
</testsuite> <!-- LoginTest -->
